<?xml version="1.0" encoding="UTF-8"?>
<!-- Generated by org.testng.reporters.JUnitXMLReporter -->
<testsuite ignored="1" hostname="DESKTOP-PN6B02K" failures="0" tests="6" name="Test" time="87.084" errors="0" timestamp="2025-02-28T15:34:52 IST">
  <testcase classname="testCases.TC_002_LogInTest" name="testLogin" time="19.766"/>
  <testcase classname="testCases.TC_003_LogInTestDDT" name="testLoginDDT" time="3.864"/>
  <testcase classname="testCases.TC_003_LogInTestDDT" name="testLoginDDT" time="12.318"/>
  <testcase classname="testCases.TC_003_LogInTestDDT" name="testLoginDDT" time="12.49"/>
  <testcase classname="testCases.TC_003_LogInTestDDT" name="testLoginDDT" time="11.636"/>
  <testcase classname="testCases.TC_003_LogInTestDDT" name="testLoginDDT" time="3.08"/>
  <testcase classname="testCases.TC_001_RegisterToApplication" name="testRegister" time="0.0">
    <ignored/>
  </testcase> <!-- testRegister -->
</testsuite> <!-- Test -->
