<?xml version="1.0" encoding="UTF-8"?>
<!-- Generated by org.testng.reporters.JUnitXMLReporter -->
<testsuite ignored="1" hostname="DESKTOP-PN6B02K" failures="1" tests="2" name="FirefoxTest" time="116.24" errors="0" timestamp="2025-03-03T17:23:15 IST">
  <testcase classname="testCases.TC_001_RegisterToApplication" name="testRegister" time="4.964">
    <failure type="java.lang.AssertionError" message="expected [Your Account Has Been Created!] but found [Register Account]">
      <![CDATA[java.lang.AssertionError: expected [Your Account Has Been Created!] but found [Register Account]
at testCases.TC_001_RegisterToApplication.testRegister(TC_001_RegisterToApplication.java:30)
at java.base/java.util.ArrayList.forEach(ArrayList.java:1511)
... Removed 37 stack frames]]>
    </failure>
  </testcase> <!-- testRegister -->
  <testcase classname="testCases.TC_002_LogInTest" name="testLogin" time="3.473"/>
  <testcase classname="testCases.TC_003_LogInTestDDT" name="testLoginDDT" time="0.0">
    <ignored/>
  </testcase> <!-- testLoginDDT -->
</testsuite> <!-- FirefoxTest -->
