<?xml version="1.0" encoding="UTF-8"?>
<!-- Generated by org.testng.reporters.JUnitXMLReporter -->
<testsuite ignored="1" hostname="DESKTOP-PN6B02K" failures="0" tests="6" name="Test" time="81.244" errors="0" timestamp="2025-02-28T15:31:32 IST">
  <testcase classname="testCases.TC_002_LogInTest" name="testLogin" time="17.849"/>
  <testcase classname="testCases.TC_003_LogInTestDDT" name="testLoginDDT" time="3.127"/>
  <testcase classname="testCases.TC_003_LogInTestDDT" name="testLoginDDT" time="12.125"/>
  <testcase classname="testCases.TC_003_LogInTestDDT" name="testLoginDDT" time="12.073"/>
  <testcase classname="testCases.TC_003_LogInTestDDT" name="testLoginDDT" time="11.599"/>
  <testcase classname="testCases.TC_003_LogInTestDDT" name="testLoginDDT" time="2.537"/>
  <testcase classname="testCases.TC_001_RegisterToApplication" name="testRegister" time="0.0">
    <ignored/>
  </testcase> <!-- testRegister -->
</testsuite> <!-- Test -->
