<?xml version="1.0" encoding="UTF-8"?>
<!-- Generated by org.testng.reporters.JUnitXMLReporter -->
<testsuite ignored="0" hostname="DESKTOP-PN6B02K" failures="0" tests="7" name="Test" time="75.176" errors="0" timestamp="2025-02-28T16:07:31 IST">
  <testcase classname="testCases.TC_001_RegisterToApplication" name="testRegister" time="6.78"/>
  <testcase classname="testCases.TC_003_LogInTestDDT" name="testLoginDDT" time="3.231"/>
  <testcase classname="testCases.TC_003_LogInTestDDT" name="testLoginDDT" time="12.307"/>
  <testcase classname="testCases.TC_003_LogInTestDDT" name="testLoginDDT" time="11.659"/>
  <testcase classname="testCases.TC_003_LogInTestDDT" name="testLoginDDT" time="11.606"/>
  <testcase classname="testCases.TC_003_LogInTestDDT" name="testLoginDDT" time="2.568"/>
  <testcase classname="testCases.TC_002_LogInTest" name="testLogin" time="2.189"/>
</testsuite> <!-- Test -->
