<?xml version="1.0" encoding="UTF-8"?>
<!-- Generated by org.testng.reporters.JUnitXMLReporter -->
<testsuite ignored="1" hostname="DESKTOP-PN6B02K" failures="0" tests="1" name="Chrome Test" time="28.346" errors="0" timestamp="2025-02-27T17:35:43 IST">
  <testcase classname="testCases.TC_002_LogInTest" name="testLogin" time="8.061"/>
  <testcase classname="testCases.TC_001_RegisterToApplication" name="testRegister" time="0.0">
    <ignored/>
  </testcase> <!-- testRegister -->
</testsuite> <!-- Chrome Test -->
