<?xml version="1.0" encoding="UTF-8"?>
<!-- Generated by org.testng.reporters.JUnitXMLReporter -->
<testsuite ignored="1" hostname="DESKTOP-PN6B02K" failures="0" tests="1" name="Firefox Test" time="31.235" errors="0" timestamp="2025-02-27T17:35:45 IST">
  <testcase classname="testCases.TC_002_LogInTest" name="testLogin" time="2.525"/>
  <testcase classname="testCases.TC_001_RegisterToApplication" name="testRegister" time="0.0">
    <ignored/>
  </testcase> <!-- testRegister -->
</testsuite> <!-- Firefox Test -->
