<?xml version="1.0" encoding="UTF-8"?>
<testng-results ignored="0" total="7" passed="7" failed="0" skipped="0">
  <reporter-output>
  </reporter-output>
  <suite started-at="2025-02-28T16:06:13 IST" name="Suite" finished-at="2025-02-28T16:07:29 IST" duration-ms="75176">
    <groups>
      <group name="regression">
        <method signature="TC_002_LogInTest.testLogin()[pri:0, instance:testCases.TC_002_LogInTest@223d2c72]" name="testLogin" class="testCases.TC_002_LogInTest"/>
      </group> <!-- regression -->
      <group name="sanity">
        <method signature="TC_001_RegisterToApplication.testRegister()[pri:0, instance:testCases.TC_001_RegisterToApplication@1189dd52]" name="testRegister" class="testCases.TC_001_RegisterToApplication"/>
      </group> <!-- sanity -->
      <group name="dataDriven">
        <method signature="TC_003_LogInTestDDT.testLoginDDT(java.lang.String,java.lang.String,java.lang.String)[pri:0, instance:testCases.TC_003_LogInTestDDT@36902638]" name="testLoginDDT" class="testCases.TC_003_LogInTestDDT"/>
      </group> <!-- dataDriven -->
      <group name="master">
        <method signature="TC_001_RegisterToApplication.testRegister()[pri:0, instance:testCases.TC_001_RegisterToApplication@1189dd52]" name="testRegister" class="testCases.TC_001_RegisterToApplication"/>
        <method signature="TC_002_LogInTest.testLogin()[pri:0, instance:testCases.TC_002_LogInTest@223d2c72]" name="testLogin" class="testCases.TC_002_LogInTest"/>
      </group> <!-- master -->
    </groups>
    <test started-at="2025-02-28T16:06:13 IST" name="Test" finished-at="2025-02-28T16:07:29 IST" duration-ms="75176">
      <class name="testCases.TC_001_RegisterToApplication">
        <test-method is-config="true" signature="setup(java.lang.String)[pri:0, instance:testCases.TC_001_RegisterToApplication@1189dd52]" started-at="2025-02-28T16:06:14 IST" name="setup" finished-at="2025-02-28T16:06:22 IST" duration-ms="7694" status="PASS">
          <params>
            <param index="0">
              <value>
                <![CDATA[chrome]]>
              </value>
            </param>
          </params>
          <reporter-output>
          </reporter-output>
        </test-method> <!-- setup -->
        <test-method signature="testRegister()[pri:0, instance:testCases.TC_001_RegisterToApplication@1189dd52]" started-at="2025-02-28T16:06:22 IST" name="testRegister" finished-at="2025-02-28T16:06:29 IST" duration-ms="6780" status="PASS">
          <reporter-output>
          </reporter-output>
        </test-method> <!-- testRegister -->
        <test-method is-config="true" signature="tearDown()[pri:0, instance:testCases.TC_001_RegisterToApplication@1189dd52]" started-at="2025-02-28T16:06:29 IST" name="tearDown" finished-at="2025-02-28T16:06:29 IST" duration-ms="512" status="PASS">
          <reporter-output>
          </reporter-output>
        </test-method> <!-- tearDown -->
      </class> <!-- testCases.TC_001_RegisterToApplication -->
      <class name="testCases.TC_003_LogInTestDDT">
        <test-method is-config="true" signature="setup(java.lang.String)[pri:0, instance:testCases.TC_003_LogInTestDDT@36902638]" started-at="2025-02-28T16:06:29 IST" name="setup" finished-at="2025-02-28T16:06:35 IST" duration-ms="5717" status="PASS">
          <params>
            <param index="0">
              <value>
                <![CDATA[chrome]]>
              </value>
            </param>
          </params>
          <reporter-output>
          </reporter-output>
        </test-method> <!-- setup -->
        <test-method signature="testLoginDDT(java.lang.String,java.lang.String,java.lang.String)[pri:0, instance:testCases.TC_003_LogInTestDDT@36902638]" started-at="2025-02-28T16:06:38 IST" name="testLoginDDT" data-provider="loginData" finished-at="2025-02-28T16:06:42 IST" duration-ms="3231" status="PASS">
          <params>
            <param index="0">
              <value>
                <![CDATA[govindvaidya8@gmail.com]]>
              </value>
            </param>
            <param index="1">
              <value>
                <![CDATA[Admin#321233]]>
              </value>
            </param>
            <param index="2">
              <value>
                <![CDATA[Valid]]>
              </value>
            </param>
          </params>
          <reporter-output>
          </reporter-output>
        </test-method> <!-- testLoginDDT -->
        <test-method signature="testLoginDDT(java.lang.String,java.lang.String,java.lang.String)[pri:0, instance:testCases.TC_003_LogInTestDDT@36902638]" started-at="2025-02-28T16:06:42 IST" name="testLoginDDT" data-provider="loginData" finished-at="2025-02-28T16:06:54 IST" duration-ms="12307" status="PASS">
          <params>
            <param index="0">
              <value>
                <![CDATA[govindvaidya@gmail.com]]>
              </value>
            </param>
            <param index="1">
              <value>
                <![CDATA[Admin#321233]]>
              </value>
            </param>
            <param index="2">
              <value>
                <![CDATA[Invalid]]>
              </value>
            </param>
          </params>
          <reporter-output>
          </reporter-output>
        </test-method> <!-- testLoginDDT -->
        <test-method signature="testLoginDDT(java.lang.String,java.lang.String,java.lang.String)[pri:0, instance:testCases.TC_003_LogInTestDDT@36902638]" started-at="2025-02-28T16:06:54 IST" name="testLoginDDT" data-provider="loginData" finished-at="2025-02-28T16:07:06 IST" duration-ms="11659" status="PASS">
          <params>
            <param index="0">
              <value>
                <![CDATA[govindvaidya8@gmail.com]]>
              </value>
            </param>
            <param index="1">
              <value>
                <![CDATA[Admin#321234]]>
              </value>
            </param>
            <param index="2">
              <value>
                <![CDATA[Invalid]]>
              </value>
            </param>
          </params>
          <reporter-output>
          </reporter-output>
        </test-method> <!-- testLoginDDT -->
        <test-method signature="testLoginDDT(java.lang.String,java.lang.String,java.lang.String)[pri:0, instance:testCases.TC_003_LogInTestDDT@36902638]" started-at="2025-02-28T16:07:06 IST" name="testLoginDDT" data-provider="loginData" finished-at="2025-02-28T16:07:17 IST" duration-ms="11606" status="PASS">
          <params>
            <param index="0">
              <value>
                <![CDATA[govindvaidya@gmail.com]]>
              </value>
            </param>
            <param index="1">
              <value>
                <![CDATA[Admin#321234]]>
              </value>
            </param>
            <param index="2">
              <value>
                <![CDATA[Invalid]]>
              </value>
            </param>
          </params>
          <reporter-output>
          </reporter-output>
        </test-method> <!-- testLoginDDT -->
        <test-method signature="testLoginDDT(java.lang.String,java.lang.String,java.lang.String)[pri:0, instance:testCases.TC_003_LogInTestDDT@36902638]" started-at="2025-02-28T16:07:17 IST" name="testLoginDDT" data-provider="loginData" finished-at="2025-02-28T16:07:20 IST" duration-ms="2568" status="PASS">
          <params>
            <param index="0">
              <value>
                <![CDATA[govindvaidya8@outlook.com]]>
              </value>
            </param>
            <param index="1">
              <value>
                <![CDATA[Admin@123]]>
              </value>
            </param>
            <param index="2">
              <value>
                <![CDATA[Valid]]>
              </value>
            </param>
          </params>
          <reporter-output>
          </reporter-output>
        </test-method> <!-- testLoginDDT -->
        <test-method is-config="true" signature="tearDown()[pri:0, instance:testCases.TC_003_LogInTestDDT@36902638]" started-at="2025-02-28T16:07:20 IST" name="tearDown" finished-at="2025-02-28T16:07:20 IST" duration-ms="533" status="PASS">
          <reporter-output>
          </reporter-output>
        </test-method> <!-- tearDown -->
      </class> <!-- testCases.TC_003_LogInTestDDT -->
      <class name="testCases.TC_002_LogInTest">
        <test-method is-config="true" signature="setup(java.lang.String)[pri:0, instance:testCases.TC_002_LogInTest@223d2c72]" started-at="2025-02-28T16:07:20 IST" name="setup" finished-at="2025-02-28T16:07:26 IST" duration-ms="5751" status="PASS">
          <params>
            <param index="0">
              <value>
                <![CDATA[chrome]]>
              </value>
            </param>
          </params>
          <reporter-output>
          </reporter-output>
        </test-method> <!-- setup -->
        <test-method signature="testLogin()[pri:0, instance:testCases.TC_002_LogInTest@223d2c72]" started-at="2025-02-28T16:07:26 IST" name="testLogin" finished-at="2025-02-28T16:07:28 IST" duration-ms="2189" status="PASS">
          <reporter-output>
          </reporter-output>
        </test-method> <!-- testLogin -->
        <test-method is-config="true" signature="tearDown()[pri:0, instance:testCases.TC_002_LogInTest@223d2c72]" started-at="2025-02-28T16:07:28 IST" name="tearDown" finished-at="2025-02-28T16:07:29 IST" duration-ms="411" status="PASS">
          <reporter-output>
          </reporter-output>
        </test-method> <!-- tearDown -->
      </class> <!-- testCases.TC_002_LogInTest -->
    </test> <!-- Test -->
  </suite> <!-- Suite -->
</testng-results>
