<?xml version="1.0" encoding="UTF-8"?>
<testsuite xmlns:xsi="http://www.w3.org/2001/XMLSchema-instance" xsi:noNamespaceSchemaLocation="https://maven.apache.org/surefire/maven-surefire-plugin/xsd/surefire-test-report-3.0.xsd" version="3.0" name="TestSuite" time="57.339" tests="4" errors="0" skipped="0" failures="0">
  <properties>
[...]
</properties>
  <testcase name="testRegister" classname="testCases.TC_001_RegisterToApplication" time="8.466">
    <system-out><![CDATA[2025-03-03T06:47:46.388407300Z main DEBUG Loaded provider:
Provider 'org.apache.logging.log4j.core.impl.Log4jProvider'
	priority = 10
	loggerContextFactory = org.apache.logging.log4j.core.impl.Log4jContextFactory
2025-03-03T06:47:46.397407100Z main INFO Using provider:
Provider 'org.apache.logging.log4j.core.impl.Log4jProvider'
	priority = 10
	loggerContextFactory = org.apache.logging.log4j.core.impl.Log4jContextFactory
2025-03-03T06:47:46.418389900Z main DEBUG Using ShutdownCallbackRegistry class org.apache.logging.log4j.core.util.DefaultShutdownCallbackRegistry
2025-03-03T06:47:46.779171500Z main DEBUG Took 0.313958 seconds to load 226 plugins from jdk.internal.loader.ClassLoaders$AppClassLoader@73d16e93
2025-03-03T06:47:46.780165200Z main DEBUG PluginManager 'Lookup' found 16 plugins
2025-03-03T06:47:46.843130300Z main DEBUG AsyncLogger.ThreadNameStrategy=UNCACHED (user specified null, default is UNCACHED)
2025-03-03T06:47:46.846125200Z main TRACE Using default SystemClock for timestamps.
2025-03-03T06:47:46.848123900Z main DEBUG org.apache.logging.log4j.core.util.SystemClock supports precise timestamps.
2025-03-03T06:47:46.866112400Z main DEBUG PluginManager 'Lookup' found 16 plugins
2025-03-03T06:47:46.882104400Z main DEBUG PluginManager 'Converter' found 45 plugins
2025-03-03T06:47:46.953061500Z main DEBUG Starting OutputStreamManager SYSTEM_OUT.false.false-1
2025-03-03T06:47:46.957057200Z main DEBUG Starting LoggerContext[name=73d16e93, org.apache.logging.log4j.core.LoggerContext@1755e85b]...
2025-03-03T06:47:46.958056400Z main DEBUG Reconfiguration started for context[name=73d16e93] at URI null (org.apache.logging.log4j.core.LoggerContext@1755e85b) with optional ClassLoader: null
2025-03-03T06:47:46.963057100Z main DEBUG PluginManager 'Lookup' found 16 plugins
2025-03-03T06:47:46.965054700Z main DEBUG PluginManager 'ConfigurationFactory' found 4 plugins
2025-03-03T06:47:46.975047Z main DEBUG PluginManager 'Lookup' found 16 plugins
2025-03-03T06:47:46.977044900Z main DEBUG PluginManager 'Lookup' found 16 plugins
2025-03-03T06:47:46.980043400Z main DEBUG Missing dependencies for Yaml support, ConfigurationFactory org.apache.logging.log4j.core.config.yaml.YamlConfigurationFactory is inactive
2025-03-03T06:47:46.980043400Z main DEBUG PluginManager 'Lookup' found 16 plugins
2025-03-03T06:47:46.989037600Z main DEBUG Missing dependencies for Json support, ConfigurationFactory org.apache.logging.log4j.core.config.json.JsonConfigurationFactory is inactive
2025-03-03T06:47:46.990037900Z main DEBUG PluginManager 'Lookup' found 16 plugins
2025-03-03T06:47:47.002028700Z main DEBUG Using configurationFactory org.apache.logging.log4j.core.config.ConfigurationFactory$Factory@b70da4c
2025-03-03T06:47:47.014024500Z main DEBUG PluginManager 'Lookup' found 16 plugins
2025-03-03T06:47:47.018018800Z main DEBUG Closing FileInputStream java.io.FileInputStream@5a85c92
2025-03-03T06:47:47.080984100Z main DEBUG Apache Log4j Core 2.24 initializing configuration XmlConfiguration[location=C:\Users\Admin\Documents\Programming\Eclipse\opencart-v1.0.0\src\test\resources\log4j2.xml, lastModified=2025-02-28T10:29:14.388Z]
2025-03-03T06:47:47.081980400Z main DEBUG PluginManager 'Core' found 131 plugins
2025-03-03T06:47:47.082979100Z main DEBUG PluginManager 'Level' found 0 plugins
2025-03-03T06:47:47.095972200Z main DEBUG Building Plugin[name=Property, class=org.apache.logging.log4j.core.config.Property].
2025-03-03T06:47:47.137945400Z main TRACE TypeConverterRegistry initializing.
2025-03-03T06:47:47.139946100Z main DEBUG PluginManager 'TypeConverter' found 26 plugins
2025-03-03T06:47:47.173926100Z main DEBUG createProperty(name="basePath", value="./logs", Configuration(C:\Users\Admin\Documents\Programming\Eclipse\opencart-v1.0.0\src\test\resources\log4j2.xml))
2025-03-03T06:47:47.173926100Z main DEBUG Building Plugin[name=Properties, class=org.apache.logging.log4j.core.config.PropertiesPlugin].
2025-03-03T06:47:47.178923500Z main DEBUG configureSubstitutor(={basePath=./logs}, Configuration(C:\Users\Admin\Documents\Programming\Eclipse\opencart-v1.0.0\src\test\resources\log4j2.xml))
2025-03-03T06:47:47.180921300Z main DEBUG PluginManager 'Lookup' found 16 plugins
2025-03-03T06:47:47.181920500Z main DEBUG Building Plugin[name=layout, class=org.apache.logging.log4j.core.layout.PatternLayout].
2025-03-03T06:47:47.192911100Z main DEBUG PatternLayout$Builder(pattern="%d{HH:mm:ss.SSS} [%t] %-5level %logger{36} - %msg%n", PatternSelector=null, Configuration(C:\Users\Admin\Documents\Programming\Eclipse\opencart-v1.0.0\src\test\resources\log4j2.xml), Replace=null, charset="null", alwaysWriteExceptions="null", disableAnsi="null", noConsoleNoAnsi="null", header="null", footer="null")
2025-03-03T06:47:47.192911100Z main DEBUG PluginManager 'Converter' found 45 plugins
2025-03-03T06:47:47.194909600Z main DEBUG Building Plugin[name=appender, class=org.apache.logging.log4j.core.appender.ConsoleAppender].
2025-03-03T06:47:47.214898300Z main DEBUG ConsoleAppender$Builder(target="SYSTEM_OUT", follow="null", direct="null", bufferedIo="null", bufferSize="null", immediateFlush="null", ignoreExceptions="null", PatternLayout(%d{HH:mm:ss.SSS} [%t] %-5level %logger{36} - %msg%n), name="Console", Configuration(C:\Users\Admin\Documents\Programming\Eclipse\opencart-v1.0.0\src\test\resources\log4j2.xml), Filter=null, ={})
2025-03-03T06:47:47.219895500Z main DEBUG Starting OutputStreamManager SYSTEM_OUT.false.false
2025-03-03T06:47:47.220895400Z main DEBUG Building Plugin[name=layout, class=org.apache.logging.log4j.core.layout.PatternLayout].
2025-03-03T06:47:47.228890500Z main DEBUG PatternLayout$Builder(pattern="%d{HH:mm:ss.SSS} [%t] %-5level %logger{36} - %msg%n", PatternSelector=null, Configuration(C:\Users\Admin\Documents\Programming\Eclipse\opencart-v1.0.0\src\test\resources\log4j2.xml), Replace=null, charset="null", alwaysWriteExceptions="null", disableAnsi="null", noConsoleNoAnsi="null", header="null", footer="null")
2025-03-03T06:47:47.229890100Z main DEBUG Building Plugin[name=SizeBasedTriggeringPolicy, class=org.apache.logging.log4j.core.appender.rolling.SizeBasedTriggeringPolicy].
2025-03-03T06:47:47.235886Z main DEBUG createPolicy(size="10MB")
2025-03-03T06:47:47.240882400Z main DEBUG Building Plugin[name=appender, class=org.apache.logging.log4j.core.appender.RollingFileAppender].
2025-03-03T06:47:47.247876600Z main DEBUG RollingFileAppender$Builder(fileName="./logs/automation.log", filePattern="./logs/automation-%d{yyyy-MM-dd}.log", append="null", locking="null", SizeBasedTriggeringPolicy(SizeBasedTriggeringPolicy(size=10485760)), Strategy=null, advertise="null", advertiseUri="null", createOnDemand="null", filePermissions="null", fileOwner="null", fileGroup="null", bufferedIo="null", bufferSize="null", immediateFlush="null", ignoreExceptions="null", PatternLayout(%d{HH:mm:ss.SSS} [%t] %-5level %logger{36} - %msg%n), name="File", Configuration(C:\Users\Admin\Documents\Programming\Eclipse\opencart-v1.0.0\src\test\resources\log4j2.xml), Filter=null, ={})
2025-03-03T06:47:47.261868900Z main TRACE New file './logs/automation.log' created = false
2025-03-03T06:47:47.268864500Z main DEBUG Returning file creation time for C:\Users\Admin\Documents\Programming\Eclipse\opencart-v1.0.0\.\logs\automation.log
2025-03-03T06:47:47.269863200Z main DEBUG Starting RollingFileManager ./logs/automation.log
2025-03-03T06:47:47.273867100Z main DEBUG PluginManager 'FileConverter' found 2 plugins
2025-03-03T06:47:47.310838900Z main DEBUG Setting prev file time to 2025-02-28T15:57:00.700+0530
2025-03-03T06:47:47.311837800Z main DEBUG Initializing triggering policy SizeBasedTriggeringPolicy(size=10485760)
2025-03-03T06:47:47.311837800Z main DEBUG Building Plugin[name=Appenders, class=org.apache.logging.log4j.core.config.AppendersPlugin].
2025-03-03T06:47:47.312837Z main DEBUG createAppenders(={Console, File})
2025-03-03T06:47:47.312837Z main DEBUG Building Plugin[name=AppenderRef, class=org.apache.logging.log4j.core.config.AppenderRef].
2025-03-03T06:47:47.313837200Z main DEBUG createAppenderRef(ref="File", level="null", Filter=null)
2025-03-03T06:47:47.313837200Z main DEBUG Building Plugin[name=Root, class=org.apache.logging.log4j.core.config.LoggerConfig$RootLogger].
2025-03-03T06:47:47.317834400Z main DEBUG LoggerConfig$RootLogger$Builder(additivity="null", level="ALL", levelAndRefs="null", includeLocation="null", ={File}, ={}, Configuration(C:\Users\Admin\Documents\Programming\Eclipse\opencart-v1.0.0\src\test\resources\log4j2.xml), Filter=null)
2025-03-03T06:47:47.321831900Z main DEBUG Building Plugin[name=Loggers, class=org.apache.logging.log4j.core.config.LoggersPlugin].
2025-03-03T06:47:47.323831400Z main DEBUG createLoggers(={root})
2025-03-03T06:47:47.323831400Z main DEBUG Configuration XmlConfiguration[location=C:\Users\Admin\Documents\Programming\Eclipse\opencart-v1.0.0\src\test\resources\log4j2.xml, lastModified=2025-02-28T10:29:14.388Z] initialized
2025-03-03T06:47:47.324829700Z main INFO Starting configuration XmlConfiguration[location=C:\Users\Admin\Documents\Programming\Eclipse\opencart-v1.0.0\src\test\resources\log4j2.xml, lastModified=2025-02-28T10:29:14.388Z]...
2025-03-03T06:47:47.324829700Z main INFO Start watching for changes to C:\Users\Admin\Documents\Programming\Eclipse\opencart-v1.0.0\src\test\resources\log4j2.xml every 0 seconds
2025-03-03T06:47:47.324829700Z main INFO Configuration XmlConfiguration[location=C:\Users\Admin\Documents\Programming\Eclipse\opencart-v1.0.0\src\test\resources\log4j2.xml, lastModified=2025-02-28T10:29:14.388Z] started.
2025-03-03T06:47:47.329826800Z main INFO Stopping configuration org.apache.logging.log4j.core.config.DefaultConfiguration@5911e990...
2025-03-03T06:47:47.329826800Z main TRACE DefaultConfiguration notified 1 ReliabilityStrategies that config will be stopped.
2025-03-03T06:47:47.330826Z main TRACE DefaultConfiguration stopping root LoggerConfig.
2025-03-03T06:47:47.330826Z main TRACE DefaultConfiguration notifying ReliabilityStrategies that appenders will be stopped.
2025-03-03T06:47:47.330826Z main TRACE DefaultConfiguration stopping remaining Appenders.
2025-03-03T06:47:47.331825800Z main DEBUG Shutting down OutputStreamManager SYSTEM_OUT.false.false-1
2025-03-03T06:47:47.331825800Z main DEBUG OutputStream closed
2025-03-03T06:47:47.331825800Z main DEBUG Shut down OutputStreamManager SYSTEM_OUT.false.false-1, all resources released: true
2025-03-03T06:47:47.331825800Z main DEBUG Appender DefaultConsole-1 stopped with status true
2025-03-03T06:47:47.332824500Z main TRACE DefaultConfiguration stopped 1 remaining Appenders.
2025-03-03T06:47:47.332824500Z main TRACE DefaultConfiguration cleaning Appenders from 1 LoggerConfigs.
2025-03-03T06:47:47.332824500Z main INFO Configuration org.apache.logging.log4j.core.config.DefaultConfiguration@5911e990 stopped.
2025-03-03T06:47:47.336822300Z main TRACE Using default SystemClock for timestamps.
2025-03-03T06:47:47.336822300Z main DEBUG org.apache.logging.log4j.core.util.SystemClock supports precise timestamps.
2025-03-03T06:47:47.337823Z main TRACE Using DummyNanoClock for nanosecond timestamps.
2025-03-03T06:47:47.337823Z main DEBUG Reconfiguration complete for context[name=73d16e93] at URI C:\Users\Admin\Documents\Programming\Eclipse\opencart-v1.0.0\src\test\resources\log4j2.xml (org.apache.logging.log4j.core.LoggerContext@1755e85b) with optional ClassLoader: null
2025-03-03T06:47:47.338821700Z main DEBUG Shutdown hook enabled. Registering a new one.
2025-03-03T06:47:47.341820600Z main DEBUG LoggerContext[name=73d16e93, org.apache.logging.log4j.core.LoggerContext@1755e85b] started OK.
]]></system-out>
    <system-err><![CDATA[SLF4J(W): No SLF4J providers were found.
SLF4J(W): Defaulting to no-operation (NOP) logger implementation
SLF4J(W): See https://www.slf4j.org/codes.html#noProviders for further details.
SLF4J(W): Class path contains SLF4J bindings targeting slf4j-api versions 1.7.x or earlier.
SLF4J(W): Ignoring binding found at [jar:file:/C:/Users/Admin/.m2/repository/org/apache/logging/log4j/log4j-slf4j-impl/2.24.3/log4j-slf4j-impl-2.24.3.jar!/org/slf4j/impl/StaticLoggerBinder.class]
SLF4J(W): See https://www.slf4j.org/codes.html#ignoredBindings for an explanation.
Mar 03, 2025 12:17:47 PM org.openqa.selenium.remote.tracing.opentelemetry.OpenTelemetryTracer createTracer
INFO: Using OpenTelemetry for tracing
]]></system-err>
  </testcase>
  <testcase name="testRegister" classname="testCases.TC_001_RegisterToApplication" time="7.403"/>
  <testcase name="testLogin" classname="testCases.TC_002_LogInTest" time="2.664"/>
  <testcase name="testLogin" classname="testCases.TC_002_LogInTest" time="3.254"/>
</testsuite>