<?xml version="1.0" encoding="UTF-8"?>
<testsuite xmlns:xsi="http://www.w3.org/2001/XMLSchema-instance" xsi:noNamespaceSchemaLocation="https://maven.apache.org/surefire/maven-surefire-plugin/xsd/surefire-test-report-3.0.xsd" version="3.0" name="TestSuite" time="122.973" tests="2" errors="0" skipped="0" failures="1">
  <properties>
[...]
</properties>
  <testcase name="testRegister" classname="testCases.TC_001_RegisterToApplication" time="6.066">
    <failure message="expected [Your Account Has Been Created!] but found [Register Account]" type="java.lang.AssertionError"><![CDATA[java.lang.AssertionError: expected [Your Account Has Been Created!] but found [Register Account]
	at org.testng.Assert.fail(Assert.java:111)
	at org.testng.Assert.failNotEquals(Assert.java:1590)
	at org.testng.Assert.assertEqualsImpl(Assert.java:150)
	at org.testng.Assert.assertEquals(Assert.java:132)
	at org.testng.Assert.assertEquals(Assert.java:656)
	at org.testng.Assert.assertEquals(Assert.java:666)
	at testCases.TC_001_RegisterToApplication.testRegister(TC_001_RegisterToApplication.java:30)
	at java.base/jdk.internal.reflect.NativeMethodAccessorImpl.invoke0(Native Method)
	at java.base/jdk.internal.reflect.NativeMethodAccessorImpl.invoke(NativeMethodAccessorImpl.java:77)
	at java.base/jdk.internal.reflect.DelegatingMethodAccessorImpl.invoke(DelegatingMethodAccessorImpl.java:43)
	at java.base/java.lang.reflect.Method.invoke(Method.java:568)
	at org.testng.internal.invokers.MethodInvocationHelper.invokeMethod(MethodInvocationHelper.java:141)
	at org.testng.internal.invokers.TestInvoker.invokeMethod(TestInvoker.java:687)
	at org.testng.internal.invokers.TestInvoker.invokeTestMethod(TestInvoker.java:230)
	at org.testng.internal.invokers.MethodRunner.runInSequence(MethodRunner.java:63)
	at org.testng.internal.invokers.TestInvoker$MethodInvocationAgent.invoke(TestInvoker.java:995)
	at org.testng.internal.invokers.TestInvoker.invokeTestMethods(TestInvoker.java:203)
	at org.testng.internal.invokers.TestMethodWorker.invokeTestMethods(TestMethodWorker.java:154)
	at org.testng.internal.invokers.TestMethodWorker.run(TestMethodWorker.java:134)
	at java.base/java.util.ArrayList.forEach(ArrayList.java:1511)
	at org.testng.TestRunner.privateRun(TestRunner.java:741)
	at org.testng.TestRunner.run(TestRunner.java:616)
	at org.testng.SuiteRunner.runTest(SuiteRunner.java:421)
	at org.testng.SuiteRunner.runSequentially(SuiteRunner.java:413)
	at org.testng.SuiteRunner.privateRun(SuiteRunner.java:373)
	at org.testng.SuiteRunner.run(SuiteRunner.java:312)
	at org.testng.SuiteRunnerWorker.runSuite(SuiteRunnerWorker.java:52)
	at org.testng.SuiteRunnerWorker.run(SuiteRunnerWorker.java:95)
	at org.testng.TestNG.runSuitesSequentially(TestNG.java:1274)
	at org.testng.TestNG.runSuitesLocally(TestNG.java:1208)
	at org.testng.TestNG.runSuites(TestNG.java:1112)
	at org.testng.TestNG.run(TestNG.java:1079)
	at org.apache.maven.surefire.testng.TestNGExecutor.run(TestNGExecutor.java:308)
	at org.apache.maven.surefire.testng.TestNGXmlTestSuite.execute(TestNGXmlTestSuite.java:71)
	at org.apache.maven.surefire.testng.TestNGProvider.invoke(TestNGProvider.java:113)
	at org.apache.maven.surefire.booter.ForkedBooter.runSuitesInProcess(ForkedBooter.java:385)
	at org.apache.maven.surefire.booter.ForkedBooter.execute(ForkedBooter.java:162)
	at org.apache.maven.surefire.booter.ForkedBooter.run(ForkedBooter.java:507)
	at org.apache.maven.surefire.booter.ForkedBooter.main(ForkedBooter.java:495)
]]></failure>
    <system-out><![CDATA[2025-03-03T11:51:17.295046500Z main DEBUG Loaded provider:
Provider 'org.apache.logging.log4j.core.impl.Log4jProvider'
	priority = 10
	loggerContextFactory = org.apache.logging.log4j.core.impl.Log4jContextFactory
2025-03-03T11:51:17.310045600Z main INFO Using provider:
Provider 'org.apache.logging.log4j.core.impl.Log4jProvider'
	priority = 10
	loggerContextFactory = org.apache.logging.log4j.core.impl.Log4jContextFactory
2025-03-03T11:51:17.342044100Z main DEBUG Using ShutdownCallbackRegistry class org.apache.logging.log4j.core.util.DefaultShutdownCallbackRegistry
2025-03-03T11:51:17.761250200Z main DEBUG Took 0.348521 seconds to load 226 plugins from jdk.internal.loader.ClassLoaders$AppClassLoader@73d16e93
2025-03-03T11:51:17.762251300Z main DEBUG PluginManager 'Lookup' found 16 plugins
2025-03-03T11:51:17.817251800Z main DEBUG AsyncLogger.ThreadNameStrategy=UNCACHED (user specified null, default is UNCACHED)
2025-03-03T11:51:17.821255900Z main TRACE Using default SystemClock for timestamps.
2025-03-03T11:51:17.824252600Z main DEBUG org.apache.logging.log4j.core.util.SystemClock supports precise timestamps.
2025-03-03T11:51:17.845252100Z main DEBUG PluginManager 'Lookup' found 16 plugins
2025-03-03T11:51:17.864251800Z main DEBUG PluginManager 'Converter' found 45 plugins
2025-03-03T11:51:17.984250600Z main DEBUG Starting OutputStreamManager SYSTEM_OUT.false.false-1
2025-03-03T11:51:17.989252500Z main DEBUG Starting LoggerContext[name=73d16e93, org.apache.logging.log4j.core.LoggerContext@1755e85b]...
2025-03-03T11:51:17.990257100Z main DEBUG Reconfiguration started for context[name=73d16e93] at URI null (org.apache.logging.log4j.core.LoggerContext@1755e85b) with optional ClassLoader: null
2025-03-03T11:51:17.995253700Z main DEBUG PluginManager 'Lookup' found 16 plugins
2025-03-03T11:51:17.997251Z main DEBUG PluginManager 'ConfigurationFactory' found 4 plugins
2025-03-03T11:51:18.004253600Z main DEBUG PluginManager 'Lookup' found 16 plugins
2025-03-03T11:51:18.006252500Z main DEBUG PluginManager 'Lookup' found 16 plugins
2025-03-03T11:51:18.009259200Z main DEBUG Missing dependencies for Yaml support, ConfigurationFactory org.apache.logging.log4j.core.config.yaml.YamlConfigurationFactory is inactive
2025-03-03T11:51:18.016253400Z main DEBUG PluginManager 'Lookup' found 16 plugins
2025-03-03T11:51:18.018255100Z main DEBUG Missing dependencies for Json support, ConfigurationFactory org.apache.logging.log4j.core.config.json.JsonConfigurationFactory is inactive
2025-03-03T11:51:18.019257800Z main DEBUG PluginManager 'Lookup' found 16 plugins
2025-03-03T11:51:18.030254400Z main DEBUG Using configurationFactory org.apache.logging.log4j.core.config.ConfigurationFactory$Factory@b70da4c
2025-03-03T11:51:18.045253400Z main DEBUG PluginManager 'Lookup' found 16 plugins
2025-03-03T11:51:18.049253200Z main DEBUG Closing FileInputStream java.io.FileInputStream@5a85c92
2025-03-03T11:51:18.144254800Z main DEBUG Apache Log4j Core 2.24 initializing configuration XmlConfiguration[location=C:\Users\Admin\Documents\Programming\Eclipse\opencart-v1.0.0\src\test\resources\log4j2.xml, lastModified=2025-02-28T10:29:14.388Z]
2025-03-03T11:51:18.146252400Z main DEBUG PluginManager 'Core' found 131 plugins
2025-03-03T11:51:18.146252400Z main DEBUG PluginManager 'Level' found 0 plugins
2025-03-03T11:51:18.164254700Z main DEBUG Building Plugin[name=Property, class=org.apache.logging.log4j.core.config.Property].
2025-03-03T11:51:18.274255200Z main TRACE TypeConverterRegistry initializing.
2025-03-03T11:51:18.275254700Z main DEBUG PluginManager 'TypeConverter' found 26 plugins
2025-03-03T11:51:18.309252500Z main DEBUG createProperty(name="basePath", value="./logs", Configuration(C:\Users\Admin\Documents\Programming\Eclipse\opencart-v1.0.0\src\test\resources\log4j2.xml))
2025-03-03T11:51:18.311252200Z main DEBUG Building Plugin[name=Properties, class=org.apache.logging.log4j.core.config.PropertiesPlugin].
2025-03-03T11:51:18.317255700Z main DEBUG configureSubstitutor(={basePath=./logs}, Configuration(C:\Users\Admin\Documents\Programming\Eclipse\opencart-v1.0.0\src\test\resources\log4j2.xml))
2025-03-03T11:51:18.322248300Z main DEBUG PluginManager 'Lookup' found 16 plugins
2025-03-03T11:51:18.324257800Z main DEBUG Building Plugin[name=layout, class=org.apache.logging.log4j.core.layout.PatternLayout].
2025-03-03T11:51:18.340254300Z main DEBUG PatternLayout$Builder(pattern="%d{HH:mm:ss.SSS} [%t] %-5level %logger{36} - %msg%n", PatternSelector=null, Configuration(C:\Users\Admin\Documents\Programming\Eclipse\opencart-v1.0.0\src\test\resources\log4j2.xml), Replace=null, charset="null", alwaysWriteExceptions="null", disableAnsi="null", noConsoleNoAnsi="null", header="null", footer="null")
2025-03-03T11:51:18.341252300Z main DEBUG PluginManager 'Converter' found 45 plugins
2025-03-03T11:51:18.346256500Z main DEBUG Building Plugin[name=appender, class=org.apache.logging.log4j.core.appender.ConsoleAppender].
2025-03-03T11:51:18.377257900Z main DEBUG ConsoleAppender$Builder(target="SYSTEM_OUT", follow="null", direct="null", bufferedIo="null", bufferSize="null", immediateFlush="null", ignoreExceptions="null", PatternLayout(%d{HH:mm:ss.SSS} [%t] %-5level %logger{36} - %msg%n), name="Console", Configuration(C:\Users\Admin\Documents\Programming\Eclipse\opencart-v1.0.0\src\test\resources\log4j2.xml), Filter=null, ={})
2025-03-03T11:51:18.386254Z main DEBUG Starting OutputStreamManager SYSTEM_OUT.false.false
2025-03-03T11:51:18.388254900Z main DEBUG Building Plugin[name=layout, class=org.apache.logging.log4j.core.layout.PatternLayout].
2025-03-03T11:51:18.390257500Z main DEBUG PatternLayout$Builder(pattern="%d{HH:mm:ss.SSS} [%t] %-5level %logger{36} - %msg%n", PatternSelector=null, Configuration(C:\Users\Admin\Documents\Programming\Eclipse\opencart-v1.0.0\src\test\resources\log4j2.xml), Replace=null, charset="null", alwaysWriteExceptions="null", disableAnsi="null", noConsoleNoAnsi="null", header="null", footer="null")
2025-03-03T11:51:18.392258800Z main DEBUG Building Plugin[name=SizeBasedTriggeringPolicy, class=org.apache.logging.log4j.core.appender.rolling.SizeBasedTriggeringPolicy].
2025-03-03T11:51:18.399260300Z main DEBUG createPolicy(size="10MB")
2025-03-03T11:51:18.404256Z main DEBUG Building Plugin[name=appender, class=org.apache.logging.log4j.core.appender.RollingFileAppender].
2025-03-03T11:51:18.413253500Z main DEBUG RollingFileAppender$Builder(fileName="./logs/automation.log", filePattern="./logs/automation-%d{yyyy-MM-dd}.log", append="null", locking="null", SizeBasedTriggeringPolicy(SizeBasedTriggeringPolicy(size=10485760)), Strategy=null, advertise="null", advertiseUri="null", createOnDemand="null", filePermissions="null", fileOwner="null", fileGroup="null", bufferedIo="null", bufferSize="null", immediateFlush="null", ignoreExceptions="null", PatternLayout(%d{HH:mm:ss.SSS} [%t] %-5level %logger{36} - %msg%n), name="File", Configuration(C:\Users\Admin\Documents\Programming\Eclipse\opencart-v1.0.0\src\test\resources\log4j2.xml), Filter=null, ={})
2025-03-03T11:51:18.434255800Z main TRACE New file './logs/automation.log' created = false
2025-03-03T11:51:18.449252800Z main DEBUG Returning file creation time for C:\Users\Admin\Documents\Programming\Eclipse\opencart-v1.0.0\.\logs\automation.log
2025-03-03T11:51:18.451253500Z main DEBUG Starting RollingFileManager ./logs/automation.log
2025-03-03T11:51:18.466252100Z main DEBUG PluginManager 'FileConverter' found 2 plugins
2025-03-03T11:51:18.534475600Z main DEBUG Setting prev file time to 2025-02-28T15:57:00.700+0530
2025-03-03T11:51:18.535473Z main DEBUG Initializing triggering policy SizeBasedTriggeringPolicy(size=10485760)
2025-03-03T11:51:18.536474300Z main DEBUG Building Plugin[name=Appenders, class=org.apache.logging.log4j.core.config.AppendersPlugin].
2025-03-03T11:51:18.537475700Z main DEBUG createAppenders(={Console, File})
2025-03-03T11:51:18.538475700Z main DEBUG Building Plugin[name=AppenderRef, class=org.apache.logging.log4j.core.config.AppenderRef].
2025-03-03T11:51:18.540475400Z main DEBUG createAppenderRef(ref="File", level="null", Filter=null)
2025-03-03T11:51:18.541477600Z main DEBUG Building Plugin[name=Root, class=org.apache.logging.log4j.core.config.LoggerConfig$RootLogger].
2025-03-03T11:51:18.547473400Z main DEBUG LoggerConfig$RootLogger$Builder(additivity="null", level="ALL", levelAndRefs="null", includeLocation="null", ={File}, ={}, Configuration(C:\Users\Admin\Documents\Programming\Eclipse\opencart-v1.0.0\src\test\resources\log4j2.xml), Filter=null)
2025-03-03T11:51:18.555479500Z main DEBUG Building Plugin[name=Loggers, class=org.apache.logging.log4j.core.config.LoggersPlugin].
2025-03-03T11:51:18.558477200Z main DEBUG createLoggers(={root})
2025-03-03T11:51:18.559481Z main DEBUG Configuration XmlConfiguration[location=C:\Users\Admin\Documents\Programming\Eclipse\opencart-v1.0.0\src\test\resources\log4j2.xml, lastModified=2025-02-28T10:29:14.388Z] initialized
2025-03-03T11:51:18.560473700Z main INFO Starting configuration XmlConfiguration[location=C:\Users\Admin\Documents\Programming\Eclipse\opencart-v1.0.0\src\test\resources\log4j2.xml, lastModified=2025-02-28T10:29:14.388Z]...
2025-03-03T11:51:18.561474700Z main INFO Start watching for changes to C:\Users\Admin\Documents\Programming\Eclipse\opencart-v1.0.0\src\test\resources\log4j2.xml every 0 seconds
2025-03-03T11:51:18.562472500Z main INFO Configuration XmlConfiguration[location=C:\Users\Admin\Documents\Programming\Eclipse\opencart-v1.0.0\src\test\resources\log4j2.xml, lastModified=2025-02-28T10:29:14.388Z] started.
2025-03-03T11:51:18.572484200Z main INFO Stopping configuration org.apache.logging.log4j.core.config.DefaultConfiguration@5911e990...
2025-03-03T11:51:18.573478500Z main TRACE DefaultConfiguration notified 1 ReliabilityStrategies that config will be stopped.
2025-03-03T11:51:18.573478500Z main TRACE DefaultConfiguration stopping root LoggerConfig.
2025-03-03T11:51:18.574476700Z main TRACE DefaultConfiguration notifying ReliabilityStrategies that appenders will be stopped.
2025-03-03T11:51:18.576477600Z main TRACE DefaultConfiguration stopping remaining Appenders.
2025-03-03T11:51:18.577474800Z main DEBUG Shutting down OutputStreamManager SYSTEM_OUT.false.false-1
2025-03-03T11:51:18.578477700Z main DEBUG OutputStream closed
2025-03-03T11:51:18.578477700Z main DEBUG Shut down OutputStreamManager SYSTEM_OUT.false.false-1, all resources released: true
2025-03-03T11:51:18.579475700Z main DEBUG Appender DefaultConsole-1 stopped with status true
2025-03-03T11:51:18.579475700Z main TRACE DefaultConfiguration stopped 1 remaining Appenders.
2025-03-03T11:51:18.580476100Z main TRACE DefaultConfiguration cleaning Appenders from 1 LoggerConfigs.
2025-03-03T11:51:18.580476100Z main INFO Configuration org.apache.logging.log4j.core.config.DefaultConfiguration@5911e990 stopped.
2025-03-03T11:51:18.587473600Z main TRACE Using default SystemClock for timestamps.
2025-03-03T11:51:18.587473600Z main DEBUG org.apache.logging.log4j.core.util.SystemClock supports precise timestamps.
2025-03-03T11:51:18.588474800Z main TRACE Using DummyNanoClock for nanosecond timestamps.
2025-03-03T11:51:18.589474100Z main DEBUG Reconfiguration complete for context[name=73d16e93] at URI C:\Users\Admin\Documents\Programming\Eclipse\opencart-v1.0.0\src\test\resources\log4j2.xml (org.apache.logging.log4j.core.LoggerContext@1755e85b) with optional ClassLoader: null
2025-03-03T11:51:18.589474100Z main DEBUG Shutdown hook enabled. Registering a new one.
2025-03-03T11:51:18.593474300Z main DEBUG LoggerContext[name=73d16e93, org.apache.logging.log4j.core.LoggerContext@1755e85b] started OK.
]]></system-out>
    <system-err><![CDATA[SLF4J(W): No SLF4J providers were found.
SLF4J(W): Defaulting to no-operation (NOP) logger implementation
SLF4J(W): See https://www.slf4j.org/codes.html#noProviders for further details.
SLF4J(W): Class path contains SLF4J bindings targeting slf4j-api versions 1.7.x or earlier.
SLF4J(W): Ignoring binding found at [jar:file:/C:/Users/Admin/.m2/repository/org/apache/logging/log4j/log4j-slf4j-impl/2.24.3/log4j-slf4j-impl-2.24.3.jar!/org/slf4j/impl/StaticLoggerBinder.class]
SLF4J(W): See https://www.slf4j.org/codes.html#ignoredBindings for an explanation.
Mar 03, 2025 5:21:18 PM org.openqa.selenium.remote.tracing.opentelemetry.OpenTelemetryTracer createTracer
INFO: Using OpenTelemetry for tracing
]]></system-err>
  </testcase>
  <testcase name="testLogin" classname="testCases.TC_002_LogInTest" time="3.475"/>
</testsuite>