<?xml version="1.0" encoding="UTF-8"?>
<testng-results ignored="1" total="7" passed="6" failed="0" skipped="0">
  <reporter-output>
  </reporter-output>
  <suite started-at="2025-02-28T15:30:11 IST" name="Master Suite" finished-at="2025-02-28T15:31:32 IST" duration-ms="81244">
    <groups>
      <group name="regression">
        <method signature="TC_002_LogInTest.testLogin()[pri:0, instance:testCases.TC_002_LogInTest@131774fe]" name="testLogin" class="testCases.TC_002_LogInTest"/>
      </group> <!-- regression -->
      <group name="dataDriven">
        <method signature="TC_003_LogInTestDDT.testLoginDDT(java.lang.String,java.lang.String,java.lang.String)[pri:0, instance:testCases.TC_003_LogInTestDDT@158d2680]" name="testLoginDDT" class="testCases.TC_003_LogInTestDDT"/>
      </group> <!-- dataDriven -->
      <group name="master">
        <method signature="TC_002_LogInTest.testLogin()[pri:0, instance:testCases.TC_002_LogInTest@131774fe]" name="testLogin" class="testCases.TC_002_LogInTest"/>
      </group> <!-- master -->
    </groups>
    <test started-at="2025-02-28T15:30:11 IST" name="Test" finished-at="2025-02-28T15:31:32 IST" duration-ms="81244">
      <class name="testCases.TC_003_LogInTestDDT">
        <test-method is-config="true" signature="setup(java.lang.String)[pri:0, instance:testCases.TC_003_LogInTestDDT@158d2680]" started-at="2025-02-28T15:30:38 IST" name="setup" finished-at="2025-02-28T15:30:46 IST" duration-ms="8157" status="PASS">
          <params>
            <param index="0">
              <value>
                <![CDATA[chrome]]>
              </value>
            </param>
          </params>
          <reporter-output>
          </reporter-output>
        </test-method> <!-- setup -->
        <test-method signature="testLoginDDT(java.lang.String,java.lang.String,java.lang.String)[pri:0, instance:testCases.TC_003_LogInTestDDT@158d2680]" started-at="2025-02-28T15:30:50 IST" name="testLoginDDT" data-provider="loginData" finished-at="2025-02-28T15:30:53 IST" duration-ms="3127" status="PASS">
          <params>
            <param index="0">
              <value>
                <![CDATA[govindvaidya8@gmail.com]]>
              </value>
            </param>
            <param index="1">
              <value>
                <![CDATA[Admin#321233]]>
              </value>
            </param>
            <param index="2">
              <value>
                <![CDATA[Valid]]>
              </value>
            </param>
          </params>
          <reporter-output>
          </reporter-output>
        </test-method> <!-- testLoginDDT -->
        <test-method signature="testLoginDDT(java.lang.String,java.lang.String,java.lang.String)[pri:0, instance:testCases.TC_003_LogInTestDDT@158d2680]" started-at="2025-02-28T15:30:53 IST" name="testLoginDDT" data-provider="loginData" finished-at="2025-02-28T15:31:05 IST" duration-ms="12125" status="PASS">
          <params>
            <param index="0">
              <value>
                <![CDATA[govindvaidya@gmail.com]]>
              </value>
            </param>
            <param index="1">
              <value>
                <![CDATA[Admin#321233]]>
              </value>
            </param>
            <param index="2">
              <value>
                <![CDATA[Invalid]]>
              </value>
            </param>
          </params>
          <reporter-output>
          </reporter-output>
        </test-method> <!-- testLoginDDT -->
        <test-method signature="testLoginDDT(java.lang.String,java.lang.String,java.lang.String)[pri:0, instance:testCases.TC_003_LogInTestDDT@158d2680]" started-at="2025-02-28T15:31:05 IST" name="testLoginDDT" data-provider="loginData" finished-at="2025-02-28T15:31:17 IST" duration-ms="12073" status="PASS">
          <params>
            <param index="0">
              <value>
                <![CDATA[govindvaidya8@gmail.com]]>
              </value>
            </param>
            <param index="1">
              <value>
                <![CDATA[Admin#321234]]>
              </value>
            </param>
            <param index="2">
              <value>
                <![CDATA[Invalid]]>
              </value>
            </param>
          </params>
          <reporter-output>
          </reporter-output>
        </test-method> <!-- testLoginDDT -->
        <test-method signature="testLoginDDT(java.lang.String,java.lang.String,java.lang.String)[pri:0, instance:testCases.TC_003_LogInTestDDT@158d2680]" started-at="2025-02-28T15:31:17 IST" name="testLoginDDT" data-provider="loginData" finished-at="2025-02-28T15:31:29 IST" duration-ms="11599" status="PASS">
          <params>
            <param index="0">
              <value>
                <![CDATA[govindvaidya@gmail.com]]>
              </value>
            </param>
            <param index="1">
              <value>
                <![CDATA[Admin#321234]]>
              </value>
            </param>
            <param index="2">
              <value>
                <![CDATA[Invalid]]>
              </value>
            </param>
          </params>
          <reporter-output>
          </reporter-output>
        </test-method> <!-- testLoginDDT -->
        <test-method signature="testLoginDDT(java.lang.String,java.lang.String,java.lang.String)[pri:0, instance:testCases.TC_003_LogInTestDDT@158d2680]" started-at="2025-02-28T15:31:29 IST" name="testLoginDDT" data-provider="loginData" finished-at="2025-02-28T15:31:32 IST" duration-ms="2537" status="PASS">
          <params>
            <param index="0">
              <value>
                <![CDATA[govindvaidya8@outlook.com]]>
              </value>
            </param>
            <param index="1">
              <value>
                <![CDATA[Admin@123]]>
              </value>
            </param>
            <param index="2">
              <value>
                <![CDATA[Valid]]>
              </value>
            </param>
          </params>
          <reporter-output>
          </reporter-output>
        </test-method> <!-- testLoginDDT -->
        <test-method is-config="true" signature="tearDown()[pri:0, instance:testCases.TC_003_LogInTestDDT@158d2680]" started-at="2025-02-28T15:31:32 IST" name="tearDown" finished-at="2025-02-28T15:31:32 IST" duration-ms="577" status="PASS">
          <reporter-output>
          </reporter-output>
        </test-method> <!-- tearDown -->
      </class> <!-- testCases.TC_003_LogInTestDDT -->
      <class name="testCases.TC_002_LogInTest">
        <test-method is-config="true" signature="setup(java.lang.String)[pri:0, instance:testCases.TC_002_LogInTest@131774fe]" started-at="2025-02-28T15:30:12 IST" name="setup" finished-at="2025-02-28T15:30:19 IST" duration-ms="7725" status="PASS">
          <params>
            <param index="0">
              <value>
                <![CDATA[chrome]]>
              </value>
            </param>
          </params>
          <reporter-output>
          </reporter-output>
        </test-method> <!-- setup -->
        <test-method signature="testLogin()[pri:0, instance:testCases.TC_002_LogInTest@131774fe]" started-at="2025-02-28T15:30:19 IST" name="testLogin" finished-at="2025-02-28T15:30:37 IST" duration-ms="17849" status="PASS">
          <reporter-output>
          </reporter-output>
        </test-method> <!-- testLogin -->
        <test-method is-config="true" signature="tearDown()[pri:0, instance:testCases.TC_002_LogInTest@131774fe]" started-at="2025-02-28T15:30:37 IST" name="tearDown" finished-at="2025-02-28T15:30:38 IST" duration-ms="627" status="PASS">
          <reporter-output>
          </reporter-output>
        </test-method> <!-- tearDown -->
      </class> <!-- testCases.TC_002_LogInTest -->
    </test> <!-- Test -->
  </suite> <!-- Master Suite -->
</testng-results>
